<?xml version="1.0" encoding="UTF-8"?>
<!-- Generated by org.testng.reporters.JUnitXMLReporter -->
<testsuite hostname="DESKTOP-JAISOPJ" ignored="3" name="Default test" tests="1" failures="0" timestamp="15 Jan 2017 10:17:02 GMT" time="1.521" errors="0">
  <testcase name="testDeleteMethod" time="1.495" classname="com.qagroup.api.RestApiTest"/>
  <testcase name="testPutMethod" time="0.0" classname="com.qagroup.api.RestApiTest">
    <ignored/>
  </testcase> <!-- testPutMethod -->
  <testcase name="testPostMethod" time="0.0" classname="com.qagroup.api.RestApiTest">
    <ignored/>
  </testcase> <!-- testPostMethod -->
  <testcase name="testGetMethod" time="0.0" classname="com.qagroup.api.RestApiTest">
    <ignored/>
  </testcase> <!-- testGetMethod -->
</testsuite> <!-- Default test -->
