<?xml version="1.0" encoding="UTF-8"?>
<testng-results skipped="0" failed="0" ignored="3" total="4" passed="1">
  <reporter-output>
  </reporter-output>
  <suite name="Default suite" duration-ms="1521" started-at="2017-01-15T10:17:01Z" finished-at="2017-01-15T10:17:02Z">
    <groups>
    </groups>
    <test name="Default test" duration-ms="1521" started-at="2017-01-15T10:17:01Z" finished-at="2017-01-15T10:17:02Z">
      <class name="com.qagroup.api.RestApiTest">
        <test-method status="PASS" signature="testDeleteMethod()[pri:0, instance:com.qagroup.api.RestApiTest@7921b0a2]" name="testDeleteMethod" duration-ms="1495" started-at="2017-01-15T12:17:01Z" finished-at="2017-01-15T12:17:02Z">
          <reporter-output>
          </reporter-output>
        </test-method> <!-- testDeleteMethod -->
      </class> <!-- com.qagroup.api.RestApiTest -->
    </test> <!-- Default test -->
  </suite> <!-- Default suite -->
</testng-results>
